<?xml version="1.0" encoding="UTF-8"?>
<!-- Generated by org.testng.reporters.JUnitXMLReporter -->
<testsuite ignored="0" hostname="DESKTOP-EVQ8K7V" failures="0" tests="5" name="Default test" time="144.178" errors="0" timestamp="2024-08-07T16:43:50 EEST">
  <testcase classname="one.SearchTest" name="methodOne" time="44.28"/>
  <testcase classname="one.SearchTest" name="methodTwo" time="23.784"/>
  <testcase classname="one.SearchTest" name="methodThree" time="24.443"/>
  <testcase classname="one.SearchTest" name="methodFour" time="23.52"/>
  <testcase classname="one.SearchTest" name="methodFive" time="23.638"/>
</testsuite> <!-- Default test -->
