<?xml version="1.0" encoding="UTF-8"?>
<testng-results ignored="0" total="1" passed="1" failed="0" skipped="0">
  <reporter-output>
  </reporter-output>
  <suite started-at="2024-08-19T17:14:35 EEST" name="Default suite" finished-at="2024-08-19T17:14:59 EEST" duration-ms="24105">
    <groups>
    </groups>
    <test started-at="2024-08-19T17:14:35 EEST" name="Default test" finished-at="2024-08-19T17:14:59 EEST" duration-ms="24105">
      <class name="three.TakingScreenshot">
        <test-method signature="methodOne()[pri:0, instance:three.TakingScreenshot@4d1c005e]" started-at="2024-08-19T17:14:35 EEST" name="methodOne" finished-at="2024-08-19T17:14:58 EEST" duration-ms="22898" status="PASS">
          <reporter-output>
          </reporter-output>
        </test-method> <!-- methodOne -->
        <test-method is-config="true" signature="closure()[pri:0, instance:three.TakingScreenshot@4d1c005e]" started-at="2024-08-19T17:14:58 EEST" name="closure" finished-at="2024-08-19T17:14:59 EEST" duration-ms="991" status="PASS">
          <reporter-output>
          </reporter-output>
        </test-method> <!-- closure -->
      </class> <!-- three.TakingScreenshot -->
    </test> <!-- Default test -->
  </suite> <!-- Default suite -->
</testng-results>
