<?xml version="1.0" encoding="UTF-8"?>
<testng-results ignored="0" total="5" passed="5" failed="0" skipped="0">
  <reporter-output>
  </reporter-output>
  <suite started-at="2024-08-07T16:41:25 EEST" name="Default suite" finished-at="2024-08-07T16:43:50 EEST" duration-ms="144178">
    <groups>
    </groups>
    <test started-at="2024-08-07T16:41:25 EEST" name="Default test" finished-at="2024-08-07T16:43:50 EEST" duration-ms="144178">
      <class name="one.SearchTest">
        <test-method is-config="true" signature="opening()[pri:0, instance:one.SearchTest@7caa550]" started-at="2024-08-07T16:41:26 EEST" name="opening" finished-at="2024-08-07T16:41:26 EEST" duration-ms="615" status="PASS">
          <reporter-output>
          </reporter-output>
        </test-method> <!-- opening -->
        <test-method signature="methodOne()[pri:1, instance:one.SearchTest@7caa550]" started-at="2024-08-07T16:41:26 EEST" name="methodOne" finished-at="2024-08-07T16:42:11 EEST" duration-ms="44280" status="PASS">
          <reporter-output>
          </reporter-output>
        </test-method> <!-- methodOne -->
        <test-method is-config="true" signature="closure()[pri:0, instance:one.SearchTest@7caa550]" started-at="2024-08-07T16:42:11 EEST" name="closure" finished-at="2024-08-07T16:42:11 EEST" duration-ms="845" status="PASS">
          <reporter-output>
          </reporter-output>
        </test-method> <!-- closure -->
        <test-method is-config="true" signature="opening()[pri:0, instance:one.SearchTest@7caa550]" started-at="2024-08-07T16:42:11 EEST" name="opening" finished-at="2024-08-07T16:42:11 EEST" duration-ms="1" status="PASS">
          <reporter-output>
          </reporter-output>
        </test-method> <!-- opening -->
        <test-method signature="methodTwo()[pri:2, instance:one.SearchTest@7caa550]" started-at="2024-08-07T16:42:11 EEST" name="methodTwo" finished-at="2024-08-07T16:42:35 EEST" duration-ms="23784" status="PASS">
          <reporter-output>
          </reporter-output>
        </test-method> <!-- methodTwo -->
        <test-method is-config="true" signature="closure()[pri:0, instance:one.SearchTest@7caa550]" started-at="2024-08-07T16:42:35 EEST" name="closure" finished-at="2024-08-07T16:42:36 EEST" duration-ms="907" status="PASS">
          <reporter-output>
          </reporter-output>
        </test-method> <!-- closure -->
        <test-method is-config="true" signature="opening()[pri:0, instance:one.SearchTest@7caa550]" started-at="2024-08-07T16:42:36 EEST" name="opening" finished-at="2024-08-07T16:42:36 EEST" duration-ms="1" status="PASS">
          <reporter-output>
          </reporter-output>
        </test-method> <!-- opening -->
        <test-method signature="methodThree()[pri:3, instance:one.SearchTest@7caa550]" started-at="2024-08-07T16:42:36 EEST" name="methodThree" finished-at="2024-08-07T16:43:01 EEST" duration-ms="24443" status="PASS">
          <reporter-output>
          </reporter-output>
        </test-method> <!-- methodThree -->
        <test-method is-config="true" signature="closure()[pri:0, instance:one.SearchTest@7caa550]" started-at="2024-08-07T16:43:01 EEST" name="closure" finished-at="2024-08-07T16:43:01 EEST" duration-ms="522" status="PASS">
          <reporter-output>
          </reporter-output>
        </test-method> <!-- closure -->
        <test-method is-config="true" signature="opening()[pri:0, instance:one.SearchTest@7caa550]" started-at="2024-08-07T16:43:01 EEST" name="opening" finished-at="2024-08-07T16:43:01 EEST" duration-ms="1" status="PASS">
          <reporter-output>
          </reporter-output>
        </test-method> <!-- opening -->
        <test-method signature="methodFour()[pri:4, instance:one.SearchTest@7caa550]" started-at="2024-08-07T16:43:01 EEST" name="methodFour" finished-at="2024-08-07T16:43:25 EEST" duration-ms="23520" status="PASS">
          <reporter-output>
          </reporter-output>
        </test-method> <!-- methodFour -->
        <test-method is-config="true" signature="closure()[pri:0, instance:one.SearchTest@7caa550]" started-at="2024-08-07T16:43:25 EEST" name="closure" finished-at="2024-08-07T16:43:25 EEST" duration-ms="546" status="PASS">
          <reporter-output>
          </reporter-output>
        </test-method> <!-- closure -->
        <test-method is-config="true" signature="opening()[pri:0, instance:one.SearchTest@7caa550]" started-at="2024-08-07T16:43:25 EEST" name="opening" finished-at="2024-08-07T16:43:25 EEST" duration-ms="0" status="PASS">
          <reporter-output>
          </reporter-output>
        </test-method> <!-- opening -->
        <test-method signature="methodFive()[pri:5, instance:one.SearchTest@7caa550]" started-at="2024-08-07T16:43:25 EEST" name="methodFive" finished-at="2024-08-07T16:43:49 EEST" duration-ms="23638" status="PASS">
          <reporter-output>
          </reporter-output>
        </test-method> <!-- methodFive -->
        <test-method is-config="true" signature="closure()[pri:0, instance:one.SearchTest@7caa550]" started-at="2024-08-07T16:43:49 EEST" name="closure" finished-at="2024-08-07T16:43:50 EEST" duration-ms="820" status="PASS">
          <reporter-output>
          </reporter-output>
        </test-method> <!-- closure -->
      </class> <!-- one.SearchTest -->
    </test> <!-- Default test -->
  </suite> <!-- Default suite -->
</testng-results>
